Build started 22.12.2012 17:31:12.
     1>Project "F:\CEN133-SOFTWARE ENGINEER\PROJECTS\WATERBILL (FNC)\WATERBILL (FNC)\WATERBILL (FNC).vcxproj" on node 2 (rebuild target(s)).
     1>PrepareForBuild:
         Creating directory "F:\CEN133-SOFTWARE ENGINEER\PROJECTS\WATERBILL (FNC)\Debug\".
       InitializeBuildStatus:
         Creating "Debug\WATERBILL (FNC).unsuccessfulbuild" because "AlwaysCreate" was specified.
       ClCompile:
         C:\Program Files (x86)\Microsoft Visual Studio 10.0\VC\bin\CL.exe /c /ZI /nologo /W3 /WX- /Od /Oy- /D "WIN32" /D _DEBUG /D _CONSOLE /D "_UNICODE" /D "UNICODE" /Gm /EHsc /RTC1 /MDd /GS /fp:precise /Zc:wchar_t /Zc:forScope /Fo"Debug\\" /Fd"Debug\vc100.pdb" /Gd /TC /analyze- /errorReport:prompt Waterbill.c
         Waterbill.c
     1>f:\cen133-software engineer\projects\waterbill (fnc)\waterbill (fnc)\waterbill.c(30): warning C4996: 'scanf': This function or variable may be unsafe. Consider using scanf_s instead. To disable deprecation, use _CRT_SECURE_NO_WARNINGS. See online help for details.
                 c:\program files (x86)\microsoft visual studio 10.0\vc\include\stdio.h(304) : see declaration of 'scanf'
     1>f:\cen133-software engineer\projects\waterbill (fnc)\waterbill (fnc)\waterbill.c(32): warning C4996: 'scanf': This function or variable may be unsafe. Consider using scanf_s instead. To disable deprecation, use _CRT_SECURE_NO_WARNINGS. See online help for details.
                 c:\program files (x86)\microsoft visual studio 10.0\vc\include\stdio.h(304) : see declaration of 'scanf'
     1>f:\cen133-software engineer\projects\waterbill (fnc)\waterbill (fnc)\waterbill.c(34): warning C4996: 'scanf': This function or variable may be unsafe. Consider using scanf_s instead. To disable deprecation, use _CRT_SECURE_NO_WARNINGS. See online help for details.
                 c:\program files (x86)\microsoft visual studio 10.0\vc\include\stdio.h(304) : see declaration of 'scanf'
     1>f:\cen133-software engineer\projects\waterbill (fnc)\waterbill (fnc)\waterbill.c(23): warning C4101: 'used' : unreferenced local variable
       ManifestResourceCompile:
         C:\Program Files (x86)\Microsoft SDKs\Windows\v7.0A\bin\rc.exe /nologo /fo"Debug\WATERBILL (FNC).exe.embed.manifest.res" "Debug\WATERBILL (FNC)_manifest.rc" 
       Link:
         C:\Program Files (x86)\Microsoft Visual Studio 10.0\VC\bin\link.exe /ERRORREPORT:PROMPT /OUT:"F:\CEN133-SOFTWARE ENGINEER\PROJECTS\WATERBILL (FNC)\Debug\WATERBILL (FNC).exe" /INCREMENTAL /NOLOGO kernel32.lib user32.lib gdi32.lib winspool.lib comdlg32.lib advapi32.lib shell32.lib ole32.lib oleaut32.lib uuid.lib odbc32.lib odbccp32.lib /MANIFEST /ManifestFile:"Debug\WATERBILL (FNC).exe.intermediate.manifest" /MANIFESTUAC:"level='asInvoker' uiAccess='false'" /DEBUG /PDB:"F:\CEN133-SOFTWARE ENGINEER\PROJECTS\WATERBILL (FNC)\Debug\WATERBILL (FNC).pdb" /SUBSYSTEM:CONSOLE /TLBID:1 /DYNAMICBASE /NXCOMPAT /IMPLIB:"F:\CEN133-SOFTWARE ENGINEER\PROJECTS\WATERBILL (FNC)\Debug\WATERBILL (FNC).lib" /MACHINE:X86 "Debug\WATERBILL (FNC).exe.embed.manifest.res"
         Debug\Waterbill.obj
       Manifest:
         Deleting file "Debug\WATERBILL (FNC).exe.embed.manifest".
         C:\Program Files (x86)\Microsoft SDKs\Windows\v7.0A\bin\mt.exe /nologo /verbose /out:"Debug\WATERBILL (FNC).exe.embed.manifest" /manifest "Debug\WATERBILL (FNC).exe.intermediate.manifest"
         C:\Program Files (x86)\Microsoft SDKs\Windows\v7.0A\bin\rc.exe /nologo /fo"Debug\WATERBILL (FNC).exe.embed.manifest.res" "Debug\WATERBILL (FNC)_manifest.rc" 
       LinkEmbedManifest:
         C:\Program Files (x86)\Microsoft Visual Studio 10.0\VC\bin\link.exe /ERRORREPORT:PROMPT /OUT:"F:\CEN133-SOFTWARE ENGINEER\PROJECTS\WATERBILL (FNC)\Debug\WATERBILL (FNC).exe" /INCREMENTAL /NOLOGO kernel32.lib user32.lib gdi32.lib winspool.lib comdlg32.lib advapi32.lib shell32.lib ole32.lib oleaut32.lib uuid.lib odbc32.lib odbccp32.lib /MANIFEST /ManifestFile:"Debug\WATERBILL (FNC).exe.intermediate.manifest" /MANIFESTUAC:"level='asInvoker' uiAccess='false'" /DEBUG /PDB:"F:\CEN133-SOFTWARE ENGINEER\PROJECTS\WATERBILL (FNC)\Debug\WATERBILL (FNC).pdb" /SUBSYSTEM:CONSOLE /TLBID:1 /DYNAMICBASE /NXCOMPAT /IMPLIB:"F:\CEN133-SOFTWARE ENGINEER\PROJECTS\WATERBILL (FNC)\Debug\WATERBILL (FNC).lib" /MACHINE:X86 "Debug\WATERBILL (FNC).exe.embed.manifest.res"
         Debug\Waterbill.obj
         WATERBILL (FNC).vcxproj -> F:\CEN133-SOFTWARE ENGINEER\PROJECTS\WATERBILL (FNC)\Debug\WATERBILL (FNC).exe
       FinalizeBuildStatus:
         Deleting file "Debug\WATERBILL (FNC).unsuccessfulbuild".
         Touching "Debug\WATERBILL (FNC).lastbuildstate".
     1>Done Building Project "F:\CEN133-SOFTWARE ENGINEER\PROJECTS\WATERBILL (FNC)\WATERBILL (FNC)\WATERBILL (FNC).vcxproj" (rebuild target(s)).

Build succeeded.

Time Elapsed 00:00:00.41
